<?xml version="1.0" encoding="UTF-8"?>
<!-- Generated by org.testng.reporters.JUnitXMLReporter -->
<testsuite ignored="2" hostname="DESKTOP-L7E7ROD" failures="0" tests="7" name="Test" time="0.175" errors="0" timestamp="2023-04-06T12:54:22 IST">
  <testcase classname="com.GenericUtilities.BaseClass" name="@BeforeSuite connectToDB" time="0.057">
    <failure type="java.lang.IllegalArgumentException" message="URLDecoder: Illegal hex characters in escape (%) pattern - Error at index 0 in: &amp;quot;&amp;quot;,&amp;quot;">
      <![CDATA[java.lang.IllegalArgumentException: URLDecoder: Illegal hex characters in escape (%) pattern - Error at index 0 in: "","
at java.base/java.net.URLDecoder.decode(URLDecoder.java:237)
at java.base/java.net.URLDecoder.decode(URLDecoder.java:147)
at com.mysql.cj.conf.ConnectionUrlParser.decode(ConnectionUrlParser.java:569)
at com.mysql.cj.conf.ConnectionUrlParser.parseConnectionString(ConnectionUrlParser.java:167)
at com.mysql.cj.conf.ConnectionUrlParser.<init>(ConnectionUrlParser.java:137)
at com.mysql.cj.conf.ConnectionUrlParser.parseConnectionString(ConnectionUrlParser.java:119)
at com.mysql.cj.conf.ConnectionUrl.getConnectionUrlInstance(ConnectionUrl.java:279)
at com.mysql.cj.jdbc.NonRegisteringDriver.connect(NonRegisteringDriver.java:195)
at java.sql/java.sql.DriverManager.getConnection(DriverManager.java:681)
at java.sql/java.sql.DriverManager.getConnection(DriverManager.java:229)
at com.GenericUtilities.DatabaseUtility.connectToDb(DatabaseUtility.java:14)
at com.GenericUtilities.BaseClass.connectToDB(BaseClass.java:31)
... Removed 19 stack frames]]>
    </failure>
  </testcase> <!-- @BeforeSuite connectToDB -->
  <testcase classname="com.GenericUtilities.BaseClass" name="@BeforeClass openTheBrowser" time="-1.680765862284E9">
    <skipped/>
  </testcase> <!-- @BeforeClass openTheBrowser -->
  <testcase classname="com.GenericUtilities.BaseClass" name="@BeforeMethod userLogin" time="-1.680765862303E9">
    <skipped/>
  </testcase> <!-- @BeforeMethod userLogin -->
  <testcase classname="com.GenericUtilities.BaseClass" name="@AfterMethod userLogout" time="-1.680765862312E9">
    <skipped/>
  </testcase> <!-- @AfterMethod userLogout -->
  <testcase classname="com.GenericUtilities.BaseClass" name="@BeforeMethod userLogin" time="-1.680765862318E9">
    <skipped/>
  </testcase> <!-- @BeforeMethod userLogin -->
  <testcase classname="com.GenericUtilities.BaseClass" name="@AfterMethod userLogout" time="-1.680765862323E9">
    <skipped/>
  </testcase> <!-- @AfterMethod userLogout -->
  <testcase classname="com.GenericUtilities.BaseClass" name="@BeforeMethod userLogin" time="-1.680765862328E9">
    <skipped/>
  </testcase> <!-- @BeforeMethod userLogin -->
  <testcase classname="com.GenericUtilities.BaseClass" name="@AfterMethod userLogout" time="-1.680765862338E9">
    <skipped/>
  </testcase> <!-- @AfterMethod userLogout -->
  <testcase classname="com.GenericUtilities.BaseClass" name="@AfterClass closeTheBrowser" time="-1.680765862343E9">
    <skipped/>
  </testcase> <!-- @AfterClass closeTheBrowser -->
  <testcase classname="com.GenericUtilities.BaseClass" name="@BeforeClass openTheBrowser" time="-1.680765862345E9">
    <skipped/>
  </testcase> <!-- @BeforeClass openTheBrowser -->
  <testcase classname="com.GenericUtilities.BaseClass" name="@BeforeMethod userLogin" time="-1.680765862348E9">
    <skipped/>
  </testcase> <!-- @BeforeMethod userLogin -->
  <testcase classname="com.GenericUtilities.BaseClass" name="@AfterMethod userLogout" time="-1.680765862356E9">
    <skipped/>
  </testcase> <!-- @AfterMethod userLogout -->
  <testcase classname="com.GenericUtilities.BaseClass" name="@BeforeMethod userLogin" time="-1.680765862363E9">
    <skipped/>
  </testcase> <!-- @BeforeMethod userLogin -->
  <testcase classname="com.GenericUtilities.BaseClass" name="@AfterMethod userLogout" time="-1.680765862381E9">
    <skipped/>
  </testcase> <!-- @AfterMethod userLogout -->
  <testcase classname="com.GenericUtilities.BaseClass" name="@BeforeMethod userLogin" time="-1.680765862386E9">
    <skipped/>
  </testcase> <!-- @BeforeMethod userLogin -->
  <testcase classname="com.GenericUtilities.BaseClass" name="@AfterMethod userLogout" time="-1.680765862409E9">
    <skipped/>
  </testcase> <!-- @AfterMethod userLogout -->
  <testcase classname="com.GenericUtilities.BaseClass" name="@BeforeMethod userLogin" time="-1.680765862413E9">
    <skipped/>
  </testcase> <!-- @BeforeMethod userLogin -->
  <testcase classname="com.GenericUtilities.BaseClass" name="@AfterMethod userLogout" time="-1.680765862424E9">
    <skipped/>
  </testcase> <!-- @AfterMethod userLogout -->
  <testcase classname="com.GenericUtilities.BaseClass" name="@AfterClass closeTheBrowser" time="-1.680765862427E9">
    <skipped/>
  </testcase> <!-- @AfterClass closeTheBrowser -->
  <testcase classname="testMethods.User_TC" name="checkOut" time="0.0">
    <skipped/>
  </testcase> <!-- checkOut -->
  <testcase classname="testMethods.User_TC" name="wishList" time="0.0">
    <skipped/>
  </testcase> <!-- wishList -->
  <testcase classname="testMethods.User_TC" name="wishListToAddToCart" time="0.0">
    <skipped/>
  </testcase> <!-- wishListToAddToCart -->
  <testcase classname="testMethods.User_TC2" name="searchProduct" time="0.0">
    <skipped/>
  </testcase> <!-- searchProduct -->
  <testcase classname="testMethods.User_TC2" name="product" time="0.0">
    <skipped/>
  </testcase> <!-- product -->
  <testcase classname="testMethods.User_TC2" name="updateShipBillAddress" time="0.0">
    <skipped/>
  </testcase> <!-- updateShipBillAddress -->
  <testcase classname="testMethods.User_TC2" name="payment" time="0.0">
    <skipped/>
  </testcase> <!-- payment -->
  <testcase classname="com.GenericUtilities.BaseClass" name="@AfterSuite closeDbConnection" time="0.0">
    <ignored/>
  </testcase> <!-- @AfterSuite closeDbConnection -->
  <testcase classname="com.GenericUtilities.BaseClass" name="@BeforeSuite connectToDB" time="0.0">
    <ignored/>
  </testcase> <!-- @BeforeSuite connectToDB -->
</testsuite> <!-- Test -->
